<?xml version="1.0" encoding="UTF-8"?>
<!-- Generated by org.testng.reporters.JUnitXMLReporter -->
<testsuite hostname="USBLRRYALLURMB" ignored="0" name="Chrome 2 TestGoogle" tests="3" failures="0" timestamp="08 Feb 2019 12:57:06 GMT" time="22.58" errors="0">
  <testcase name="testPageLanguage" time="0.377" classname="tests.Teaser"/>
  <testcase name="testSearchTeaser1" time="2.04" classname="tests.Teaser"/>
  <testcase name="testSearchTeaser2" time="2.132" classname="tests.Teaser"/>
</testsuite> <!-- Chrome 2 TestGoogle -->
