<?xml version="1.0" encoding="UTF-8"?>
<!-- Generated by org.testng.reporters.JUnitXMLReporter -->
<testsuite hostname="USBLRRYALLURMB" ignored="0" name="Chrome 1 TestGoogle" tests="4" failures="0" timestamp="08 Feb 2019 12:59:30 GMT" time="167.573" errors="0">
  <testcase name="testPageLanguage" time="0.227" classname="tests.Login"/>
  <testcase name="testRegisterWindow" time="3.412" classname="tests.Login"/>
  <testcase name="testRegistrationForm" time="145.182" classname="tests.Login"/>
  <testcase name="testLogout" time="0.099" classname="tests.Login"/>
</testsuite> <!-- Chrome 1 TestGoogle -->
