<?xml version="1.0" encoding="UTF-8"?>
<!-- Generated by org.testng.reporters.JUnitXMLReporter -->
<testsuite hostname="USBLRRYALLURMB" ignored="0" name="Firefox 1 TestGoogle" tests="4" failures="0" timestamp="08 Feb 2019 12:59:34 GMT" time="170.788" errors="0">
  <testcase name="testPageLanguage" time="0.338" classname="tests.Login"/>
  <testcase name="testRegisterWindow" time="3.529" classname="tests.Login"/>
  <testcase name="testRegistrationForm" time="143.303" classname="tests.Login"/>
  <testcase name="testLogout" time="0.29" classname="tests.Login"/>
</testsuite> <!-- Firefox 1 TestGoogle -->
